#
# A fatal error has been detected by the Java Runtime Environment:
#
#  Internal Error (virtualspace.cpp:125), pid=14892, tid=936
#  fatal error: os::release_memory failed
#
# JRE version:  (7.0_71-b14) (build )
# Java VM: Java HotSpot(TM) Client VM (24.71-b01 mixed mode windows-x86 )
# Failed to write core dump. Minidumps are not enabled by default on client versions of Windows
#
# If you would like to submit a bug report, please visit:
#   http://bugreport.sun.com/bugreport/crash.jsp
#

---------------  T H R E A D  ---------------

Current thread (0x00c7e000):  JavaThread "Unknown thread" [_thread_in_vm, id=936, stack(0x00960000,0x009b0000)]

Stack: [0x00960000,0x009b0000],  sp=0x009af774,  free space=317k
Native frames: (J=compiled Java code, j=interpreted, Vv=VM code, C=native code)
V  [jvm.dll+0x1911e4]
V  [jvm.dll+0x18ae66]
V  [jvm.dll+0x166efc]
V  [jvm.dll+0x1673bb]
V  [jvm.dll+0x8acf6]
V  [jvm.dll+0x887c6]
V  [jvm.dll+0x8750e]
V  [jvm.dll+0x918c3]
V  [jvm.dll+0x1407f4]
V  [jvm.dll+0x16341c]
V  [jvm.dll+0xca7bf]
C  [jli.dll+0x12eb]
C  [jli.dll+0x1d5d]
C  [jli.dll+0xbf42]
C  [jli.dll+0xbfcc]
C  [KERNEL32.DLL+0x138f4]
C  [ntdll.dll+0x65de3]
C  [ntdll.dll+0x65dae]


---------------  P R O C E S S  ---------------

Java Threads: ( => current thread )

Other Threads:

=>0x00c7e000 (exited) JavaThread "Unknown thread" [_thread_in_vm, id=936, stack(0x00960000,0x009b0000)]

VM state:not at safepoint (not fully initialized)

VM Mutex/Monitor currently owned by a thread: None

GC Heap History (0 events):
No events

Deoptimization events (0 events):
No events

Internal exceptions (0 events):
No events

Events (0 events):
No events


Dynamic libraries:
0x002d0000 - 0x002d6000 	C:\Program Files (x86)\Java\jdk1.7.0_71\bin\javac.exe
0x771a0000 - 0x7731b000 	C:\WINDOWS\SYSTEM32\ntdll.dll
0x76c80000 - 0x76d60000 	C:\WINDOWS\SYSTEM32\KERNEL32.DLL
0x73ef0000 - 0x7406e000 	C:\WINDOWS\SYSTEM32\KERNELBASE.dll
0x71b50000 - 0x71be2000 	C:\WINDOWS\system32\apphelp.dll
0x6c060000 - 0x6c087000 	C:\Program Files (x86)\Java\jdk1.7.0_71\bin\jli.dll
0x77f60000 - 0x7801f000 	C:\Program Files (x86)\Java\jdk1.7.0_71\bin\MSVCR100.dll
0x75ea0000 - 0x75f1b000 	C:\WINDOWS\SYSTEM32\ADVAPI32.dll
0x74990000 - 0x74a4e000 	C:\WINDOWS\SYSTEM32\msvcrt.dll
0x76110000 - 0x76154000 	C:\WINDOWS\SYSTEM32\sechost.dll
0x76160000 - 0x7620d000 	C:\WINDOWS\SYSTEM32\RPCRT4.dll
0x73ed0000 - 0x73eee000 	C:\WINDOWS\SYSTEM32\SspiCli.dll
0x73ec0000 - 0x73eca000 	C:\WINDOWS\SYSTEM32\CRYPTBASE.dll
0x740f0000 - 0x74148000 	C:\WINDOWS\SYSTEM32\bcryptPrimitives.dll
0x76210000 - 0x76357000 	C:\WINDOWS\SYSTEM32\USER32.dll
0x76450000 - 0x7659f000 	C:\WINDOWS\SYSTEM32\GDI32.dll
0x6e620000 - 0x6e82f000 	C:\WINDOWS\WinSxS\x86_microsoft.windows.common-controls_6595b64144ccf1df_6.0.10586.0_none_d3c2e4e965da4528\COMCTL32.dll
0x768e0000 - 0x76a9d000 	C:\WINDOWS\SYSTEM32\combase.dll
0x77170000 - 0x7719b000 	C:\WINDOWS\SYSTEM32\IMM32.DLL
0x00b90000 - 0x00c4f000 	C:\Program Files (x86)\Java\jdk1.7.0_71\jre\bin\msvcr100.dll
0x02380000 - 0x02709000 	C:\Program Files (x86)\Java\jdk1.7.0_71\jre\bin\client\jvm.dll
0x768d0000 - 0x768d6000 	C:\WINDOWS\SYSTEM32\PSAPI.DLL
0x6c8e0000 - 0x6c904000 	C:\WINDOWS\SYSTEM32\WINMM.dll
0x73100000 - 0x73108000 	C:\WINDOWS\SYSTEM32\WSOCK32.dll
0x75fe0000 - 0x7603f000 	C:\WINDOWS\SYSTEM32\WS2_32.dll
0x00ae0000 - 0x00b03000 	C:\WINDOWS\SYSTEM32\WINMMBASE.dll
0x76360000 - 0x76397000 	C:\WINDOWS\SYSTEM32\cfgmgr32.dll
0x6e360000 - 0x6e36c000 	C:\Program Files (x86)\Java\jdk1.7.0_71\jre\bin\verify.dll
0x6ca10000 - 0x6ca30000 	C:\Program Files (x86)\Java\jdk1.7.0_71\jre\bin\java.dll
0x6dd60000 - 0x6dd73000 	C:\Program Files (x86)\Java\jdk1.7.0_71\jre\bin\zip.dll
0x6dbf0000 - 0x6dd2f000 	C:\WINDOWS\SYSTEM32\dbghelp.dll

VM Arguments:
jvm_args: -Dapplication.home=C:\Program Files (x86)\Java\jdk1.7.0_71 -Xms8m -Dfile.encoding=UTF8 
java_command: com.sun.tools.javac.Main -d obj\Debug\android\bin\classes -classpath C:\Program Files (x86)\Reference Assemblies\Microsoft\Framework\MonoAndroid\v6.0\mono.android.jar;obj\Debug\__library_projects__\FormsViewGroup\library_project_imports\formsviewgroup.jar;C:\Users\gerade.WARPDEV\AppData\Local\Xamarin\Xamarin.Android.Support.Animated.Vector.Drawable\23.3.0.0\embedded\classes.jar;C:\Users\gerade.WARPDEV\AppData\Local\Xamarin\Xamarin.Android.Support.Design\23.3.0.0\embedded\classes.jar;C:\Users\gerade.WARPDEV\AppData\Local\Xamarin\Xamarin.Android.Support.v4\23.3.0.0\embedded\classes.jar;C:\Users\gerade.WARPDEV\AppData\Local\Xamarin\Xamarin.Android.Support.v4\23.3.0.0\embedded\libs\internal_impl-23.3.0.jar;C:\Users\gerade.WARPDEV\AppData\Local\Xamarin\Xamarin.Android.Support.v7.AppCompat\23.3.0.0\embedded\classes.jar;C:\Users\gerade.WARPDEV\AppData\Local\Xamarin\Xamarin.Android.Support.v7.CardView\23.3.0.0\embedded\classes.jar;C:\Users\gerade.WARPDEV\AppData\Local\Xamarin\Xamarin.Android.Support.v7.MediaRouter\23.3.0.0\embedded\classes.jar;C:\Users\gerade.WARPDEV\AppData\Local\Xamarin\Xamarin.Android.Support.v7.MediaRouter\23.3.0.0\embedded\libs\internal_impl-23.3.0.jar;C:\Users\gerade.WARPDEV\AppData\Local\Xamarin\Xamarin.Android.Support.v7.RecyclerView\23.3.0.0\embedded\classes.jar;C:\Users\gerade.WARPDEV\AppData\Local\Xamarin\Xamarin.Android.Support.Vector.Drawable\23.3.0.0\embedded\classes.jar;C:\Users\gerade.WARPDEV\AppData\Local\Xamarin\Xamarin.GooglePlayServices.Base\8.4.0\embedded\classes.jar;C:\Users\gerade.WARPDEV\AppData\Local\Xamarin\Xamarin.GooglePlayServices.Basement\8.4.0\embedded\classes.jar;C:\Users\gerade.WARPDEV\AppData\Local\Xamarin\Xamarin.GooglePlayServices.Maps\8.4.0\embedded\classes.jar -bootclasspath C:\Users\gerade.WARPDEV\AppData\Local\Android\android-sdk\platforms\android-23\android.jar -encoding UTF-8 @C:\Users\gerade.WARPDEV\AppData\Local\Temp\tmp1C95.tmp
Launcher Type: SUN_STANDARD

Environment Variables:
PATH=C:\Program Files (x86)\Java\jdk1.7.0_71\bin;C:\Program Files (x86)\Microsoft Visual Studio 14.0\Common7\IDE\CommonExtensions\Microsoft\TeamFoundation\Team Explorer\NativeBinaries\x86;C:\ProgramData\Oracle\Java\javapath;C:\WINDOWS\system32;C:\WINDOWS;C:\WINDOWS\System32\Wbem;C:\WINDOWS\System32\WindowsPowerShell\v1.0\;C:\Users\gerade.WARPDEV\.dnx\bin;C:\Program Files\Microsoft DNX\Dnvm\;C:\Program Files\Git\cmd;c:\Program Files\TortoiseGit\bin;C:\Program Files (x86)\Skype\Phone\;C:\Program Files (x86)\GtkSharp\2.12\bin;C:\Program Files\Microsoft SQL Server\Client SDK\ODBC\110\Tools\Binn\;C:\Program Files (x86)\Microsoft SQL Server\120\Tools\Binn\ManagementStudio\;C:\Program Files (x86)\Microsoft SQL Server\120\Tools\Binn\;C:\Program Files\Microsoft SQL Server\120\Tools\Binn\;C:\Program Files (x86)\Microsoft SQL Server\120\DTS\Binn\;C:\Program Files\Microsoft SQL Server\120\DTS\Binn\;C:\Program Files\Microsoft SQL Server\130\Tools\Binn\;C:\Program Files\Microsoft\Web Platform Installer\;C:\Users\gerade.WARPDEV\.dnx\bin
USERNAME=Gerade
OS=Windows_NT
PROCESSOR_IDENTIFIER=Intel64 Family 6 Model 42 Stepping 7, GenuineIntel



---------------  S Y S T E M  ---------------

OS: Windows 8.1 , 64 bit Build 9600 

CPU:total 4 (2 cores per cpu, 2 threads per core) family 6 model 42 stepping 7, cmov, cx8, fxsr, mmx, sse, sse2, sse3, ssse3, sse4.1, sse4.2, popcnt, avx, aes, ht, tsc, tscinvbit

Memory: 4k page, physical 8160396k(985608k free), swap 10118876k(6184k free)

vm_info: Java HotSpot(TM) Client VM (24.71-b01) for windows-x86 JRE (1.7.0_71-b14), built on Sep 26 2014 16:30:49 by "java_re" with unknown MS VC++:1600

time: Tue Sep 20 19:47:01 2016
elapsed time: 0 seconds

