#
# There is insufficient memory for the Java Runtime Environment to continue.
# Native memory allocation (malloc) failed to allocate 4092 bytes for AllocateHeap
# Possible reasons:
#   The system is out of physical RAM or swap space
#   In 32 bit mode, the process size limit was hit
# Possible solutions:
#   Reduce memory load on the system
#   Increase physical memory or swap space
#   Check if swap backing store is full
#   Use 64 bit Java on a 64 bit OS
#   Decrease Java heap size (-Xmx/-Xms)
#   Decrease number of Java threads
#   Decrease Java thread stack sizes (-Xss)
#   Set larger code cache with -XX:ReservedCodeCacheSize=
# This output file may be truncated or incomplete.
#
#  Out of Memory Error (memory/allocation.inline.hpp:61), pid=15900, tid=11740
#
# JRE version: Java(TM) SE Runtime Environment (7.0_71-b14) (build 1.7.0_71-b14)
# Java VM: Java HotSpot(TM) Client VM (24.71-b01 mixed mode windows-x86 )
# Failed to write core dump. Minidumps are not enabled by default on client versions of Windows
#

---------------  T H R E A D  ---------------

Current thread (0x02672000):  VMThread [stack: 0x00a20000,0x00a70000] [id=11740]

Stack: [0x00a20000,0x00a70000],  sp=0x00a6eeb0,  free space=315k
Native frames: (J=compiled Java code, j=interpreted, Vv=VM code, C=native code)
V  [jvm.dll+0x1911e4]
V  [jvm.dll+0x18aff5]
V  [jvm.dll+0x7f686]
V  [jvm.dll+0x1215f]
V  [jvm.dll+0xbcb6f]
V  [jvm.dll+0x19c3ad]
V  [jvm.dll+0x19c721]
V  [jvm.dll+0x90cb6]
V  [jvm.dll+0x8d05e]
V  [jvm.dll+0x86de3]
V  [jvm.dll+0x88d3f]
V  [jvm.dll+0x89264]
V  [jvm.dll+0x87dcf]
V  [jvm.dll+0x8f6e3]
V  [jvm.dll+0x867b9]
V  [jvm.dll+0x7d2a3]
V  [jvm.dll+0x19f5e6]
V  [jvm.dll+0x1690eb]
V  [jvm.dll+0x1684b1]
V  [jvm.dll+0x1688c7]
V  [jvm.dll+0x168ac2]
V  [jvm.dll+0x1a80f9]
C  [msvcr100.dll+0x5c556]
C  [msvcr100.dll+0x5c600]
C  [KERNEL32.DLL+0x138f4]
C  [ntdll.dll+0x65de3]
C  [ntdll.dll+0x65dae]

VM_Operation (0x0275efe8): GenCollectForAllocation, mode: safepoint, requested by thread 0x4aeaa800


---------------  P R O C E S S  ---------------

Java Threads: ( => current thread )
  0x4aea4400 JavaThread "pool-2-thread-1" [_thread_blocked, id=9280, stack(0x04b40000,0x04b90000)]
  0x4aeaa800 JavaThread "pool-1-thread-1" [_thread_blocked, id=4108, stack(0x02710000,0x02760000)]
  0x4adb0400 JavaThread "Service Thread" daemon [_thread_blocked, id=13204, stack(0x00d80000,0x00dd0000)]
  0x4adab400 JavaThread "C1 CompilerThread0" daemon [_thread_blocked, id=12072, stack(0x00cf0000,0x00d40000)]
  0x4ada9400 JavaThread "Attach Listener" daemon [_thread_blocked, id=13884, stack(0x00c60000,0x00cb0000)]
  0x4ada7400 JavaThread "Signal Dispatcher" daemon [_thread_blocked, id=4284, stack(0x00bd0000,0x00c20000)]
  0x02679c00 JavaThread "Finalizer" daemon [_thread_blocked, id=14004, stack(0x00b40000,0x00b90000)]
  0x02674800 JavaThread "Reference Handler" daemon [_thread_blocked, id=13384, stack(0x00ab0000,0x00b00000)]
  0x0276d400 JavaThread "main" [_thread_blocked, id=13696, stack(0x00990000,0x009e0000)]

Other Threads:
=>0x02672000 VMThread [stack: 0x00a20000,0x00a70000] [id=11740]
  0x4adc9800 WatcherThread [stack: 0x02680000,0x026d0000] [id=10180]

VM state:at safepoint (normal execution)

VM Mutex/Monitor currently owned by a thread:  ([mutex/lock_event])
[0x0276b370] Threads_lock - owner thread: 0x02672000
[0x0276ba48] Heap_lock - owner thread: 0x4aeaa800

Heap
 def new generation   total 41344K, used 4544K [0x04c00000, 0x078d0000, 0x1a150000)
  eden space 36800K,   0% used [0x04c00000, 0x04c00000, 0x06ff0000)
  from space 4544K, 100% used [0x06ff0000, 0x07460000, 0x07460000)
  to   space 4544K,   0% used [0x07460000, 0x07460000, 0x078d0000)
 tenured generation   total 161652K, used 161580K [0x1a150000, 0x23f2d000, 0x44c00000)
   the space 161652K,  99% used [0x1a150000, 0x23f1b398, 0x23f1b400, 0x23f2d000)
 compacting perm gen  total 12288K, used 3625K [0x44c00000, 0x45800000, 0x48c00000)
   the space 12288K,  29% used [0x44c00000, 0x44f8a420, 0x44f8a600, 0x45800000)
No shared spaces configured.

Card table byte_map: [0x4aa00000,0x4ac30000] byte_map_base: 0x4a9da000

Polling page: 0x00df0000

Code Cache  [0x02b00000, 0x02e20000, 0x04b00000)
 total_blobs=1659 nmethods=1510 adapters=85 free_code_cache=29595Kb largest_free_block=30305536

Compilation events (10 events):
Event: 6.823 Thread 0x4adab400 1506             sun.util.calendar.BaseCalendar::getFixedDate (324 bytes)
Event: 6.825 Thread 0x4adab400 nmethod 1506 0x02e15b08 code [0x02e15c80, 0x02e168e0]
Event: 6.825 Thread 0x4adab400 1507             sun.util.calendar.BaseCalendar::getDayOfYear (26 bytes)
Event: 6.825 Thread 0x4adab400 nmethod 1507 0x02e17788 code [0x02e17890, 0x02e17a30]
Event: 6.825 Thread 0x4adab400 1508             sun.util.calendar.BaseCalendar::getCalendarDateFromFixedDate (305 bytes)
Event: 6.826 Thread 0x4adab400 nmethod 1508 0x02e17c48 code [0x02e17d90, 0x02e18494]
Event: 6.826 Thread 0x4adab400 1509             sun.util.calendar.BaseCalendar::getDayOfWeekFromFixedDate (26 bytes)
Event: 6.827 Thread 0x4adab400 nmethod 1509 0x02e18b88 code [0x02e18c80, 0x02e18e30]
Event: 6.827 Thread 0x4adab400 1510             sun.util.calendar.BaseCalendar::isLeapYear (12 bytes)
Event: 6.827 Thread 0x4adab400 nmethod 1510 0x02e18f48 code [0x02e19060, 0x02e191dc]

GC Heap History (10 events):
Event: 5.566 GC heap after
Heap after GC invocations=57 (full 5):
 def new generation   total 41344K, used 4544K [0x04c00000, 0x078d0000, 0x1a150000)
  eden space 36800K,   0% used [0x04c00000, 0x04c00000, 0x06ff0000)
  from space 4544K, 100% used [0x07460000, 0x078d0000, 0x078d0000)
  to   space 4544K,   0% used [0x06ff0000, 0x06ff0000, 0x07460000)
 tenured generation   total 152948K, used 136426K [0x1a150000, 0x236ad000, 0x44c00000)
   the space 152948K,  89% used [0x1a150000, 0x2268a9d8, 0x2268aa00, 0x236ad000)
 compacting perm gen  total 12288K, used 3625K [0x44c00000, 0x45800000, 0x48c00000)
   the space 12288K,  29% used [0x44c00000, 0x44f8a410, 0x44f8a600, 0x45800000)
No shared spaces configured.
}
Event: 5.709 GC heap before
{Heap before GC invocations=57 (full 5):
 def new generation   total 41344K, used 41344K [0x04c00000, 0x078d0000, 0x1a150000)
  eden space 36800K, 100% used [0x04c00000, 0x06ff0000, 0x06ff0000)
  from space 4544K, 100% used [0x07460000, 0x078d0000, 0x078d0000)
  to   space 4544K,   0% used [0x06ff0000, 0x06ff0000, 0x07460000)
 tenured generation   total 152948K, used 136426K [0x1a150000, 0x236ad000, 0x44c00000)
   the space 152948K,  89% used [0x1a150000, 0x2268a9d8, 0x2268aa00, 0x236ad000)
 compacting perm gen  total 12288K, used 3625K [0x44c00000, 0x45800000, 0x48c00000)
   the space 12288K,  29% used [0x44c00000, 0x44f8a410, 0x44f8a600, 0x45800000)
No shared spaces configured.
Event: 5.735 GC heap after
Heap after GC invocations=58 (full 5):
 def new generation   total 41344K, used 4543K [0x04c00000, 0x078d0000, 0x1a150000)
  eden space 36800K,   0% used [0x04c00000, 0x04c00000, 0x06ff0000)
  from space 4544K,  99% used [0x06ff0000, 0x0745fff8, 0x07460000)
  to   space 4544K,   0% used [0x07460000, 0x07460000, 0x078d0000)
 tenured generation   total 152948K, used 141834K [0x1a150000, 0x236ad000, 0x44c00000)
   the space 152948K,  92% used [0x1a150000, 0x22bd2880, 0x22bd2a00, 0x236ad000)
 compacting perm gen  total 12288K, used 3625K [0x44c00000, 0x45800000, 0x48c00000)
   the space 12288K,  29% used [0x44c00000, 0x44f8a410, 0x44f8a600, 0x45800000)
No shared spaces configured.
}
Event: 5.884 GC heap before
{Heap before GC invocations=58 (full 5):
 def new generation   total 41344K, used 41343K [0x04c00000, 0x078d0000, 0x1a150000)
  eden space 36800K, 100% used [0x04c00000, 0x06ff0000, 0x06ff0000)
  from space 4544K,  99% used [0x06ff0000, 0x0745fff8, 0x07460000)
  to   space 4544K,   0% used [0x07460000, 0x07460000, 0x078d0000)
 tenured generation   total 152948K, used 141834K [0x1a150000, 0x236ad000, 0x44c00000)
   the space 152948K,  92% used [0x1a150000, 0x22bd2880, 0x22bd2a00, 0x236ad000)
 compacting perm gen  total 12288K, used 3625K [0x44c00000, 0x45800000, 0x48c00000)
   the space 12288K,  29% used [0x44c00000, 0x44f8a420, 0x44f8a600, 0x45800000)
No shared spaces configured.
Event: 5.908 GC heap after
Heap after GC invocations=59 (full 5):
 def new generation   total 41344K, used 4444K [0x04c00000, 0x078d0000, 0x1a150000)
  eden space 36800K,   0% used [0x04c00000, 0x04c00000, 0x06ff0000)
  from space 4544K,  97% used [0x07460000, 0x078b7160, 0x078d0000)
  to   space 4544K,   0% used [0x06ff0000, 0x06ff0000, 0x07460000)
 tenured generation   total 152948K, used 146183K [0x1a150000, 0x236ad000, 0x44c00000)
   the space 152948K,  95% used [0x1a150000, 0x23011d80, 0x23011e00, 0x236ad000)
 compacting perm gen  total 12288K, used 3625K [0x44c00000, 0x45800000, 0x48c00000)
   the space 12288K,  29% used [0x44c00000, 0x44f8a420, 0x44f8a600, 0x45800000)
No shared spaces configured.
}
Event: 6.039 GC heap before
{Heap before GC invocations=59 (full 5):
 def new generation   total 41344K, used 41244K [0x04c00000, 0x078d0000, 0x1a150000)
  eden space 36800K, 100% used [0x04c00000, 0x06ff0000, 0x06ff0000)
  from space 4544K,  97% used [0x07460000, 0x078b7160, 0x078d0000)
  to   space 4544K,   0% used [0x06ff0000, 0x06ff0000, 0x07460000)
 tenured generation   total 152948K, used 146183K [0x1a150000, 0x236ad000, 0x44c00000)
   the space 152948K,  95% used [0x1a150000, 0x23011d80, 0x23011e00, 0x236ad000)
 compacting perm gen  total 12288K, used 3625K [0x44c00000, 0x45800000, 0x48c00000)
   the space 12288K,  29% used [0x44c00000, 0x44f8a420, 0x44f8a600, 0x45800000)
No shared spaces configured.
Event: 6.067 GC heap after
Heap after GC invocations=60 (full 5):
 def new generation   total 41344K, used 4544K [0x04c00000, 0x078d0000, 0x1a150000)
  eden space 36800K,   0% used [0x04c00000, 0x04c00000, 0x06ff0000)
  from space 4544K, 100% used [0x06ff0000, 0x07460000, 0x07460000)
  to   space 4544K,   0% used [0x07460000, 0x07460000, 0x078d0000)
 tenured generation   total 152948K, used 151368K [0x1a150000, 0x236ad000, 0x44c00000)
   the space 152948K,  98% used [0x1a150000, 0x235221a0, 0x23522200, 0x236ad000)
 compacting perm gen  total 12288K, used 3625K [0x44c00000, 0x45800000, 0x48c00000)
   the space 12288K,  29% used [0x44c00000, 0x44f8a420, 0x44f8a600, 0x45800000)
No shared spaces configured.
}
Event: 6.187 GC heap before
{Heap before GC invocations=60 (full 5):
 def new generation   total 41344K, used 41344K [0x04c00000, 0x078d0000, 0x1a150000)
  eden space 36800K, 100% used [0x04c00000, 0x06ff0000, 0x06ff0000)
  from space 4544K, 100% used [0x06ff0000, 0x07460000, 0x07460000)
  to   space 4544K,   0% used [0x07460000, 0x07460000, 0x078d0000)
 tenured generation   total 152948K, used 151368K [0x1a150000, 0x236ad000, 0x44c00000)
   the space 152948K,  98% used [0x1a150000, 0x235221a0, 0x23522200, 0x236ad000)
 compacting perm gen  total 12288K, used 3625K [0x44c00000, 0x45800000, 0x48c00000)
   the space 12288K,  29% used [0x44c00000, 0x44f8a420, 0x44f8a600, 0x45800000)
No shared spaces configured.
Event: 6.751 GC heap after
Heap after GC invocations=61 (full 6):
 def new generation   total 41344K, used 4512K [0x04c00000, 0x078d0000, 0x1a150000)
  eden space 36800K,  12% used [0x04c00000, 0x050681d8, 0x06ff0000)
  from space 4544K,   0% used [0x07460000, 0x07460000, 0x078d0000)
  to   space 4544K,   0% used [0x06ff0000, 0x06ff0000, 0x07460000)
 tenured generation   total 156788K, used 156787K [0x1a150000, 0x23a6d000, 0x44c00000)
   the space 156788K,  99% used [0x1a150000, 0x23a6cff8, 0x23a6d000, 0x23a6d000)
 compacting perm gen  total 12288K, used 3625K [0x44c00000, 0x45800000, 0x48c00000)
   the space 12288K,  29% used [0x44c00000, 0x44f8a420, 0x44f8a600, 0x45800000)
No shared spaces configured.
}
Event: 6.865 GC heap before
{Heap before GC invocations=61 (full 6):
 def new generation   total 41344K, used 36800K [0x04c00000, 0x078d0000, 0x1a150000)
  eden space 36800K, 100% used [0x04c00000, 0x06ff0000, 0x06ff0000)
  from space 4544K,   0% used [0x07460000, 0x07460000, 0x078d0000)
  to   space 4544K,   0% used [0x06ff0000, 0x06ff0000, 0x07460000)
 tenured generation   total 156788K, used 156787K [0x1a150000, 0x23a6d000, 0x44c00000)
   the space 156788K,  99% used [0x1a150000, 0x23a6cff8, 0x23a6d000, 0x23a6d000)
 compacting perm gen  total 12288K, used 3625K [0x44c00000, 0x45800000, 0x48c00000)
   the space 12288K,  29% used [0x44c00000, 0x44f8a420, 0x44f8a600, 0x45800000)
No shared spaces configured.

Deoptimization events (0 events):
No events

Internal exceptions (10 events):
Event: 0.951 Thread 0x4aeaa800 Threw 0x04d57898 at C:\re\jdk7u71\1605\hotspot\src\share\vm\prims\jvm.cpp:1281
Event: 0.951 Thread 0x4aeaa800 Threw 0x04d5d160 at C:\re\jdk7u71\1605\hotspot\src\share\vm\prims\jvm.cpp:1281
Event: 0.952 Thread 0x0276d400 Threw 0x04d8cfc8 at C:\re\jdk7u71\1605\hotspot\src\share\vm\prims\jvm.cpp:1281
Event: 0.953 Thread 0x4aeaa800 Threw 0x04d62750 at C:\re\jdk7u71\1605\hotspot\src\share\vm\prims\jvm.cpp:1281
Event: 0.957 Thread 0x4aeaa800 Threw 0x04e0a460 at C:\re\jdk7u71\1605\hotspot\src\share\vm\prims\jvm.cpp:1281
Event: 0.986 Thread 0x0276d400 Threw 0x0500f088 at C:\re\jdk7u71\1605\hotspot\src\share\vm\prims\jvm.cpp:1281
Event: 1.017 Thread 0x4aeaa800 Threw 0x04e03bf8 at C:\re\jdk7u71\1605\hotspot\src\share\vm\prims\jvm.cpp:1281
Event: 1.022 Thread 0x0276d400 Threw 0x04f47988 at C:\re\jdk7u71\1605\hotspot\src\share\vm\prims\jvm.cpp:1281
Event: 1.048 Thread 0x4aeaa800 Threw 0x04d1e9b0 at C:\re\jdk7u71\1605\hotspot\src\share\vm\prims\jvm.cpp:1281
Event: 1.424 Thread 0x0276d400 Threw 0x05604898 at C:\re\jdk7u71\1605\hotspot\src\share\vm\prims\jvm.cpp:1281

Events (10 events):
Event: 5.735 Executing VM operation: GenCollectForAllocation done
Event: 5.884 Executing VM operation: GenCollectForAllocation
Event: 5.908 Executing VM operation: GenCollectForAllocation done
Event: 5.908 Executing VM operation: RevokeBias
Event: 5.908 Executing VM operation: RevokeBias done
Event: 6.039 Executing VM operation: GenCollectForAllocation
Event: 6.067 Executing VM operation: GenCollectForAllocation done
Event: 6.186 Executing VM operation: GenCollectForAllocation
Event: 6.751 Executing VM operation: GenCollectForAllocation done
Event: 6.865 Executing VM operation: GenCollectForAllocation


Dynamic libraries:
0x00960000 - 0x0098f000 	C:\Program Files (x86)\Java\jdk1.7.0_71\bin\java.exe
0x771a0000 - 0x7731b000 	C:\WINDOWS\SYSTEM32\ntdll.dll
0x76c80000 - 0x76d60000 	C:\WINDOWS\SYSTEM32\KERNEL32.DLL
0x73ef0000 - 0x7406e000 	C:\WINDOWS\SYSTEM32\KERNELBASE.dll
0x72590000 - 0x72622000 	C:\WINDOWS\system32\apphelp.dll
0x75ea0000 - 0x75f1b000 	C:\WINDOWS\SYSTEM32\ADVAPI32.dll
0x74990000 - 0x74a4e000 	C:\WINDOWS\SYSTEM32\msvcrt.dll
0x76110000 - 0x76154000 	C:\WINDOWS\SYSTEM32\sechost.dll
0x76160000 - 0x7620d000 	C:\WINDOWS\SYSTEM32\RPCRT4.dll
0x73ed0000 - 0x73eee000 	C:\WINDOWS\SYSTEM32\SspiCli.dll
0x73ec0000 - 0x73eca000 	C:\WINDOWS\SYSTEM32\CRYPTBASE.dll
0x740f0000 - 0x74148000 	C:\WINDOWS\SYSTEM32\bcryptPrimitives.dll
0x76210000 - 0x76357000 	C:\WINDOWS\SYSTEM32\USER32.dll
0x76450000 - 0x7659f000 	C:\WINDOWS\SYSTEM32\GDI32.dll
0x6e620000 - 0x6e82f000 	C:\WINDOWS\WinSxS\x86_microsoft.windows.common-controls_6595b64144ccf1df_6.0.10586.0_none_d3c2e4e965da4528\COMCTL32.dll
0x768e0000 - 0x76a9d000 	C:\WINDOWS\SYSTEM32\combase.dll
0x77170000 - 0x7719b000 	C:\WINDOWS\SYSTEM32\IMM32.DLL
0x77f70000 - 0x7802f000 	C:\Program Files (x86)\Java\jdk1.7.0_71\jre\bin\msvcr100.dll
0x02770000 - 0x02af9000 	C:\Program Files (x86)\Java\jdk1.7.0_71\jre\bin\client\jvm.dll
0x768d0000 - 0x768d6000 	C:\WINDOWS\SYSTEM32\PSAPI.DLL
0x73100000 - 0x73108000 	C:\WINDOWS\SYSTEM32\WSOCK32.dll
0x6c8e0000 - 0x6c904000 	C:\WINDOWS\SYSTEM32\WINMM.dll
0x75fe0000 - 0x7603f000 	C:\WINDOWS\SYSTEM32\WS2_32.dll
0x6c8b0000 - 0x6c8d3000 	C:\WINDOWS\SYSTEM32\WINMMBASE.dll
0x76360000 - 0x76397000 	C:\WINDOWS\SYSTEM32\cfgmgr32.dll
0x6df50000 - 0x6df5c000 	C:\Program Files (x86)\Java\jdk1.7.0_71\jre\bin\verify.dll
0x6cf10000 - 0x6cf30000 	C:\Program Files (x86)\Java\jdk1.7.0_71\jre\bin\java.dll
0x6e010000 - 0x6e023000 	C:\Program Files (x86)\Java\jdk1.7.0_71\jre\bin\zip.dll
0x6db90000 - 0x6dba4000 	C:\Program Files (x86)\Java\jdk1.7.0_71\jre\bin\net.dll
0x73790000 - 0x737df000 	C:\WINDOWS\system32\mswsock.dll
0x6e170000 - 0x6e17f000 	C:\Program Files (x86)\Java\jdk1.7.0_71\jre\bin\nio.dll

VM Arguments:
jvm_args: -Xmx1G 
java_command: C:\Users\gerade.WARPDEV\AppData\Local\Android\android-sdk\build-tools\23.0.2\\lib\dx.jar --no-strict --dex --output=obj\Debug\android\bin obj\Debug\android\bin\classes C:\Program Files (x86)\Reference Assemblies\Microsoft\Framework\MonoAndroid\v6.0\mono.android.jar obj\Debug\__library_projects__\FormsViewGroup\library_project_imports\formsviewgroup.jar C:\Users\gerade.WARPDEV\AppData\Local\Xamarin\Xamarin.Android.Support.Animated.Vector.Drawable\23.3.0.0\embedded\classes.jar C:\Users\gerade.WARPDEV\AppData\Local\Xamarin\Xamarin.Android.Support.Design\23.3.0.0\embedded\classes.jar C:\Users\gerade.WARPDEV\AppData\Local\Xamarin\Xamarin.Android.Support.v4\23.3.0.0\embedded\classes.jar C:\Users\gerade.WARPDEV\AppData\Local\Xamarin\Xamarin.Android.Support.v4\23.3.0.0\embedded\libs\internal_impl-23.3.0.jar C:\Users\gerade.WARPDEV\AppData\Local\Xamarin\Xamarin.Android.Support.v7.AppCompat\23.3.0.0\embedded\classes.jar C:\Users\gerade.WARPDEV\AppData\Local\Xamarin\Xamarin.Android.Support.v7.CardView\23.3.0.0\embedded\classes.jar C:\Users\gerade.WARPDEV\AppData\Local\Xamarin\Xamarin.Android.Support.v7.MediaRouter\23.3.0.0\embedded\classes.jar C:\Users\gerade.WARPDEV\AppData\Local\Xamarin\Xamarin.Android.Support.v7.MediaRouter\23.3.0.0\embedded\libs\internal_impl-23.3.0.jar C:\Users\gerade.WARPDEV\AppData\Local\Xamarin\Xamarin.Android.Support.v7.RecyclerView\23.3.0.0\embedded\classes.jar C:\Users\gerade.WARPDEV\AppData\Local\Xamarin\Xamarin.Android.Support.Vector.Drawable\23.3.0.0\embedded\classes.jar C:\Users\gerade.WARPDEV\AppData\Local\Xamarin\Xamarin.GooglePlayServices.Base\8.4.0\embedded\classes.jar C:\Users\gerade.WARPDEV\AppData\Local\Xamarin\Xamarin.GooglePlayServices.Basement\8.4.0\embedded\classes.jar C:\Users\gerade.WARPDEV\AppData\Local\Xamarin\Xamarin.GooglePlayServices.Maps\8.4.0\embedded\classes.jar
Launcher Type: SUN_STANDARD

Environment Variables:
PATH=C:\Program Files (x86)\Java\jdk1.7.0_71\bin;C:\Program Files (x86)\Microsoft Visual Studio 14.0\Common7\IDE\CommonExtensions\Microsoft\TeamFoundation\Team Explorer\NativeBinaries\x86;C:\ProgramData\Oracle\Java\javapath;C:\WINDOWS\system32;C:\WINDOWS;C:\WINDOWS\System32\Wbem;C:\WINDOWS\System32\WindowsPowerShell\v1.0\;C:\Users\gerade.WARPDEV\.dnx\bin;C:\Program Files\Microsoft DNX\Dnvm\;C:\Program Files\Git\cmd;c:\Program Files\TortoiseGit\bin;C:\Program Files (x86)\Skype\Phone\;C:\Program Files (x86)\GtkSharp\2.12\bin;C:\Program Files\Microsoft SQL Server\Client SDK\ODBC\110\Tools\Binn\;C:\Program Files (x86)\Microsoft SQL Server\120\Tools\Binn\ManagementStudio\;C:\Program Files (x86)\Microsoft SQL Server\120\Tools\Binn\;C:\Program Files\Microsoft SQL Server\120\Tools\Binn\;C:\Program Files (x86)\Microsoft SQL Server\120\DTS\Binn\;C:\Program Files\Microsoft SQL Server\120\DTS\Binn\;C:\Program Files\Microsoft SQL Server\130\Tools\Binn\;C:\Program Files\Microsoft\Web Platform Installer\;C:\Users\gerade.WARPDEV\.dnx\bin
USERNAME=Gerade
OS=Windows_NT
PROCESSOR_IDENTIFIER=Intel64 Family 6 Model 42 Stepping 7, GenuineIntel



---------------  S Y S T E M  ---------------

OS: Windows 8.1 , 64 bit Build 9600 

CPU:total 4 (2 cores per cpu, 2 threads per core) family 6 model 42 stepping 7, cmov, cx8, fxsr, mmx, sse, sse2, sse3, ssse3, sse4.1, sse4.2, popcnt, avx, aes, ht, tsc, tscinvbit

Memory: 4k page, physical 8160396k(1116148k free), swap 9797684k(4088k free)

vm_info: Java HotSpot(TM) Client VM (24.71-b01) for windows-x86 JRE (1.7.0_71-b14), built on Sep 26 2014 16:30:49 by "java_re" with unknown MS VC++:1600

time: Wed Sep 21 16:59:51 2016
elapsed time: 7 seconds

